TN:
SF:tests\specs\cartPage.spec.ts
FN:12,(anonymous_0)
FN:23,(anonymous_1)
FN:47,(anonymous_2)
FNF:3
FNH:3
FNDA:4,(anonymous_0)
FNDA:3,(anonymous_1)
FNDA:3,(anonymous_2)
DA:2,4
DA:3,4
DA:4,4
DA:5,4
DA:6,4
DA:7,4
DA:8,4
DA:9,4
DA:12,4
DA:19,4
DA:23,4
DA:25,3
DA:26,3
DA:27,3
DA:28,3
DA:29,3
DA:30,3
DA:33,3
DA:35,3
DA:37,3
DA:39,3
DA:47,4
DA:49,3
DA:50,3
DA:51,3
DA:53,3
DA:54,3
DA:56,3
DA:57,3
DA:59,3
DA:61,3
DA:63,3
DA:65,3
DA:67,3
DA:73,3
DA:75,3
LF:36
LH:36
BRF:0
BRH:0
end_of_record
TN:
SF:tests\specs\endToEndTest.spec.ts
FN:14,(anonymous_0)
FN:26,(anonymous_1)
FN:62,(anonymous_2)
FN:93,(anonymous_3)
FN:121,(anonymous_4)
FN:150,(anonymous_5)
FNF:6
FNH:6
FNDA:13,(anonymous_0)
FNDA:12,(anonymous_1)
FNDA:3,(anonymous_2)
FNDA:3,(anonymous_3)
FNDA:3,(anonymous_4)
FNDA:3,(anonymous_5)
DA:1,13
DA:2,13
DA:3,13
DA:4,13
DA:5,13
DA:6,13
DA:7,13
DA:8,13
DA:9,13
DA:10,13
DA:14,13
DA:22,13
DA:26,13
DA:28,12
DA:29,12
DA:30,12
DA:31,12
DA:32,12
DA:33,12
DA:35,12
DA:38,12
DA:40,12
DA:42,12
DA:44,12
DA:46,12
DA:48,12
DA:62,13
DA:64,3
DA:65,3
DA:67,3
DA:73,3
DA:75,3
DA:76,3
DA:78,3
DA:79,3
DA:93,13
DA:95,3
DA:100,3
DA:101,3
DA:102,3
DA:121,13
DA:126,3
DA:127,3
DA:128,3
DA:133,3
DA:134,3
DA:135,3
DA:150,13
DA:154,3
DA:156,3
DA:158,3
DA:160,3
LF:52
LH:52
BRF:0
BRH:0
end_of_record
TN:
SF:tests\specs\loginPage.spec.ts
FN:6,(anonymous_0)
FNF:1
FNH:1
FNDA:3,(anonymous_0)
DA:1,4
DA:2,4
DA:3,4
DA:6,4
DA:8,3
DA:9,3
DA:11,3
DA:13,3
DA:15,3
DA:17,3
LF:10
LH:10
BRF:0
BRH:0
end_of_record
TN:
SF:tests\specs\productsPage.spec.ts
FN:7,(anonymous_0)
FN:11,(anonymous_1)
FN:28,(anonymous_2)
FN:50,(anonymous_3)
FNF:4
FNH:4
FNDA:7,(anonymous_0)
FNDA:6,(anonymous_1)
FNDA:3,(anonymous_2)
FNDA:3,(anonymous_3)
DA:2,7
DA:3,7
DA:4,7
DA:7,7
DA:11,7
DA:13,6
DA:14,6
DA:16,6
DA:18,6
DA:20,6
DA:22,6
DA:28,7
DA:31,3
DA:33,3
DA:35,3
DA:37,3
DA:39,3
DA:41,3
DA:43,3
DA:50,7
DA:52,3
DA:53,3
DA:54,3
DA:56,3
DA:57,3
DA:59,3
DA:60,3
DA:62,3
LF:28
LH:28
BRF:0
BRH:0
end_of_record
